0 info it worked if it ends with ok
1 verbose cli [ 'node', '/Users/henrik/.nvm/v0.10.36/bin/npm', 'run', 'dev' ]
2 info using npm@2.4.1
3 info using node@v0.10.36
4 verbose stack Error: missing script: dev
4 verbose stack     at run (/Users/henrik/.nvm/v0.10.36/lib/node_modules/npm/lib/run-script.js:138:19)
4 verbose stack     at /Users/henrik/.nvm/v0.10.36/lib/node_modules/npm/lib/run-script.js:81:5
4 verbose stack     at /Users/henrik/.nvm/v0.10.36/lib/node_modules/npm/node_modules/read-package-json/read-json.js:51:40
4 verbose stack     at final (/Users/henrik/.nvm/v0.10.36/lib/node_modules/npm/node_modules/read-package-json/read-json.js:349:17)
4 verbose stack     at then (/Users/henrik/.nvm/v0.10.36/lib/node_modules/npm/node_modules/read-package-json/read-json.js:126:33)
4 verbose stack     at /Users/henrik/.nvm/v0.10.36/lib/node_modules/npm/node_modules/read-package-json/read-json.js:331:40
4 verbose stack     at evalmachine.<anonymous>:272:14
4 verbose stack     at /Users/henrik/.nvm/v0.10.36/lib/node_modules/npm/node_modules/graceful-fs/graceful-fs.js:102:5
4 verbose stack     at Object.oncomplete (evalmachine.<anonymous>:108:15)
5 verbose cwd /Users/henrik/Sites/fluentconf-native-web-apps
6 error Darwin 14.1.0
7 error argv "node" "/Users/henrik/.nvm/v0.10.36/bin/npm" "run" "dev"
8 error node v0.10.36
9 error npm  v2.4.1
10 error missing script: dev
11 error If you need help, you may report this error at:
11 error     <http://github.com/npm/npm/issues>
12 verbose exit [ 1, true ]
